<?xml version="1.0" encoding="UTF-8"?>
<testng-results ignored="0" total="2" passed="2" failed="0" skipped="0">
  <reporter-output>
  </reporter-output>
  <suite started-at="2024-05-05T22:13:46 GMT+01:00" name="Suite" finished-at="2024-05-05T22:13:46 GMT+01:00" duration-ms="77">
    <groups>
    </groups>
    <test started-at="2024-05-05T22:13:46 GMT+01:00" name="Test" finished-at="2024-05-05T22:13:46 GMT+01:00" duration-ms="77">
      <class name="testFeatures.LoginFeatureTests">
        <test-method signature="login_test1()[pri:0, instance:testFeatures.LoginFeatureTests@188715b5]" started-at="2024-05-05T22:13:46 GMT+01:00" name="login_test1" finished-at="2024-05-05T22:13:46 GMT+01:00" duration-ms="18" status="PASS">
          <reporter-output>
          </reporter-output>
        </test-method> <!-- login_test1 -->
        <test-method signature="login_test2()[pri:0, instance:testFeatures.LoginFeatureTests@188715b5]" started-at="2024-05-05T22:13:46 GMT+01:00" name="login_test2" finished-at="2024-05-05T22:13:46 GMT+01:00" duration-ms="2" status="PASS">
          <reporter-output>
          </reporter-output>
        </test-method> <!-- login_test2 -->
      </class> <!-- testFeatures.LoginFeatureTests -->
    </test> <!-- Test -->
  </suite> <!-- Suite -->
</testng-results>
